<?xml version="1.0" encoding="UTF-8"?>
<!-- Generated by org.testng.reporters.JUnitXMLReporter -->
<testsuite ignored="0" hostname="DESKTOP-Q92D0LV" failures="0" tests="5" name="Default test" time="0.049" errors="0" timestamp="2022-04-19T14:14:12 EDT">
  <testcase classname="com.TestNg.TestNg1" name="testcase1" time="0.006"/>
  <testcase classname="com.TestNg.TestNg1" name="testcase2" time="0.001"/>
  <testcase classname="com.TestNg.TestNg1" name="testcase3" time="0.001"/>
  <testcase classname="com.TestNg.TestNg1" name="testcase4" time="0.002"/>
  <testcase classname="com.TestNg.TestNg1" name="testcase5" time="0.0"/>
</testsuite> <!-- Default test -->
