<?xml version="1.0" encoding="UTF-8"?>
<testng-results ignored="0" total="5" passed="5" failed="0" skipped="0">
  <reporter-output>
  </reporter-output>
  <suite started-at="2022-04-19T14:14:12 EDT" name="Default suite" finished-at="2022-04-19T14:14:12 EDT" duration-ms="49">
    <groups>
    </groups>
    <test started-at="2022-04-19T14:14:12 EDT" name="Default test" finished-at="2022-04-19T14:14:12 EDT" duration-ms="49">
      <class name="com.TestNg.TestNg1">
        <test-method is-config="true" signature="beforeSuite()[pri:0, instance:com.TestNg.TestNg1@5bd03f44]" started-at="2022-04-19T14:14:12 EDT" name="beforeSuite" finished-at="2022-04-19T14:14:12 EDT" duration-ms="6" status="PASS">
          <reporter-output>
          </reporter-output>
        </test-method> <!-- beforeSuite -->
        <test-method is-config="true" signature="beforeTest()[pri:0, instance:com.TestNg.TestNg1@5bd03f44]" started-at="2022-04-19T14:14:12 EDT" name="beforeTest" finished-at="2022-04-19T14:14:12 EDT" duration-ms="0" status="PASS">
          <reporter-output>
          </reporter-output>
        </test-method> <!-- beforeTest -->
        <test-method is-config="true" signature="beforeClass()[pri:0, instance:com.TestNg.TestNg1@5bd03f44]" started-at="2022-04-19T14:14:12 EDT" name="beforeClass" finished-at="2022-04-19T14:14:12 EDT" duration-ms="0" status="PASS">
          <reporter-output>
          </reporter-output>
        </test-method> <!-- beforeClass -->
        <test-method is-config="true" signature="beforeMethod()[pri:0, instance:com.TestNg.TestNg1@5bd03f44]" started-at="2022-04-19T14:14:12 EDT" name="beforeMethod" finished-at="2022-04-19T14:14:12 EDT" duration-ms="1" status="PASS">
          <reporter-output>
          </reporter-output>
        </test-method> <!-- beforeMethod -->
        <test-method signature="testcase1()[pri:0, instance:com.TestNg.TestNg1@5bd03f44]" started-at="2022-04-19T14:14:12 EDT" name="testcase1" finished-at="2022-04-19T14:14:12 EDT" duration-ms="6" status="PASS">
          <reporter-output>
          </reporter-output>
        </test-method> <!-- testcase1 -->
        <test-method is-config="true" signature="afterMethod()[pri:0, instance:com.TestNg.TestNg1@5bd03f44]" started-at="2022-04-19T14:14:12 EDT" name="afterMethod" finished-at="2022-04-19T14:14:12 EDT" duration-ms="0" status="PASS">
          <reporter-output>
          </reporter-output>
        </test-method> <!-- afterMethod -->
        <test-method is-config="true" signature="beforeMethod()[pri:0, instance:com.TestNg.TestNg1@5bd03f44]" started-at="2022-04-19T14:14:12 EDT" name="beforeMethod" finished-at="2022-04-19T14:14:12 EDT" duration-ms="1" status="PASS">
          <reporter-output>
          </reporter-output>
        </test-method> <!-- beforeMethod -->
        <test-method signature="testcase2()[pri:0, instance:com.TestNg.TestNg1@5bd03f44]" started-at="2022-04-19T14:14:12 EDT" name="testcase2" finished-at="2022-04-19T14:14:12 EDT" duration-ms="1" status="PASS">
          <reporter-output>
          </reporter-output>
        </test-method> <!-- testcase2 -->
        <test-method is-config="true" signature="afterMethod()[pri:0, instance:com.TestNg.TestNg1@5bd03f44]" started-at="2022-04-19T14:14:12 EDT" name="afterMethod" finished-at="2022-04-19T14:14:12 EDT" duration-ms="1" status="PASS">
          <reporter-output>
          </reporter-output>
        </test-method> <!-- afterMethod -->
        <test-method signature="testcase3()[pri:0, instance:com.TestNg.TestNg1@5bd03f44]" started-at="2022-04-19T14:14:12 EDT" name="testcase3" finished-at="2022-04-19T14:14:12 EDT" duration-ms="1" status="PASS">
          <reporter-output>
          </reporter-output>
        </test-method> <!-- testcase3 -->
        <test-method is-config="true" signature="beforeMethod()[pri:0, instance:com.TestNg.TestNg1@5bd03f44]" started-at="2022-04-19T14:14:12 EDT" name="beforeMethod" finished-at="2022-04-19T14:14:12 EDT" duration-ms="0" status="PASS">
          <reporter-output>
          </reporter-output>
        </test-method> <!-- beforeMethod -->
        <test-method signature="testcase4()[pri:0, instance:com.TestNg.TestNg1@5bd03f44]" started-at="2022-04-19T14:14:12 EDT" name="testcase4" finished-at="2022-04-19T14:14:12 EDT" duration-ms="2" status="PASS">
          <reporter-output>
          </reporter-output>
        </test-method> <!-- testcase4 -->
        <test-method is-config="true" signature="beforeMethod()[pri:0, instance:com.TestNg.TestNg1@5bd03f44]" started-at="2022-04-19T14:14:12 EDT" name="beforeMethod" finished-at="2022-04-19T14:14:12 EDT" duration-ms="0" status="PASS">
          <reporter-output>
          </reporter-output>
        </test-method> <!-- beforeMethod -->
        <test-method is-config="true" signature="afterMethod()[pri:0, instance:com.TestNg.TestNg1@5bd03f44]" started-at="2022-04-19T14:14:12 EDT" name="afterMethod" finished-at="2022-04-19T14:14:12 EDT" duration-ms="0" status="PASS">
          <reporter-output>
          </reporter-output>
        </test-method> <!-- afterMethod -->
        <test-method is-config="true" signature="afterMethod()[pri:0, instance:com.TestNg.TestNg1@5bd03f44]" started-at="2022-04-19T14:14:12 EDT" name="afterMethod" finished-at="2022-04-19T14:14:12 EDT" duration-ms="0" status="PASS">
          <reporter-output>
          </reporter-output>
        </test-method> <!-- afterMethod -->
        <test-method is-config="true" signature="beforeMethod()[pri:0, instance:com.TestNg.TestNg1@5bd03f44]" started-at="2022-04-19T14:14:12 EDT" name="beforeMethod" finished-at="2022-04-19T14:14:12 EDT" duration-ms="1" status="PASS">
          <reporter-output>
          </reporter-output>
        </test-method> <!-- beforeMethod -->
        <test-method signature="testcase5()[pri:0, instance:com.TestNg.TestNg1@5bd03f44]" started-at="2022-04-19T14:14:12 EDT" name="testcase5" finished-at="2022-04-19T14:14:12 EDT" duration-ms="0" status="PASS">
          <reporter-output>
          </reporter-output>
        </test-method> <!-- testcase5 -->
        <test-method is-config="true" signature="afterMethod()[pri:0, instance:com.TestNg.TestNg1@5bd03f44]" started-at="2022-04-19T14:14:12 EDT" name="afterMethod" finished-at="2022-04-19T14:14:12 EDT" duration-ms="0" status="PASS">
          <reporter-output>
          </reporter-output>
        </test-method> <!-- afterMethod -->
        <test-method is-config="true" signature="afterClass()[pri:0, instance:com.TestNg.TestNg1@5bd03f44]" started-at="2022-04-19T14:14:12 EDT" name="afterClass" finished-at="2022-04-19T14:14:12 EDT" duration-ms="0" status="PASS">
          <reporter-output>
          </reporter-output>
        </test-method> <!-- afterClass -->
        <test-method is-config="true" signature="afterTest()[pri:0, instance:com.TestNg.TestNg1@5bd03f44]" started-at="2022-04-19T14:14:12 EDT" name="afterTest" finished-at="2022-04-19T14:14:12 EDT" duration-ms="0" status="PASS">
          <reporter-output>
          </reporter-output>
        </test-method> <!-- afterTest -->
        <test-method is-config="true" signature="afterSuite()[pri:0, instance:com.TestNg.TestNg1@5bd03f44]" started-at="2022-04-19T14:14:12 EDT" name="afterSuite" finished-at="2022-04-19T14:14:12 EDT" duration-ms="1" status="PASS">
          <reporter-output>
          </reporter-output>
        </test-method> <!-- afterSuite -->
      </class> <!-- com.TestNg.TestNg1 -->
    </test> <!-- Default test -->
  </suite> <!-- Default suite -->
</testng-results>
